Arguments: 
  /usr/local/bin/node /usr/local/bin/yarn add massive express body-parser dotenv

PATH: 
  /usr/local/bin:/usr/bin:/bin:/usr/sbin:/sbin

Yarn version: 
  1.3.2

Node version: 
  8.9.4

Platform: 
  darwin x64

npm manifest: 
  {
    "name": "sql-massive",
    "version": "1.0.0",
    "description": "Demo project",
    "main": "index.js",
    "scripts": {
      "test": "echo \"Error: no test specified\" && exit 1"
    },
    "author": "Tyler Miller",
    "license": "ISC"
  }

yarn manifest: 
  No manifest

Lockfile: 
  No lockfile

Trace: 
  Error: EACCES: permission denied, scandir '/Users/tylermiller/.config/yarn/link'
